Arguments: 
  /usr/local/bin/node /usr/local/bin/yarn

PATH: 
  /usr/local/bin:/usr/bin:/bin:/usr/sbin:/sbin:/opt/X11/bin:/Applications/Wireshark.app/Contents/MacOS

Yarn version: 
  1.3.2

Node version: 
  8.11.2

Platform: 
  darwin x64

npm manifest: 
  {
    "scripts": {
      "start": "webpack-dev-server --progress --hot"
    },
    "dependencies": {
      "@babel/polyfill": "^7.0.0-beta.55",
      "react": "^16.4.2",
      "react-dom": "^16.4.2",
      "react-hot-loader": "^4.3.4"
    },
    "devDependencies": {
      "@babel/core": "^7.0.0-beta.55",
      "@babel/preset-env": "^7.0.0-beta.55",
      "@babel/preset-react": "^7.0.0-beta.55",
      "babel-loader": "^8.0.0-beta.0",
      "css-loader": "^1.0.0",
      "html-webpack-plugin": "^3.2.0",
      "less-loader": "^4.1.0",
      "postcss-loader": "^3.0.0",
      "webpack": "^4.16.4",
      "webpack-cli": "^3.1.0",
      "webpack-dev-server": "^3.1.5"
    }
  }

yarn manifest: 
  No manifest

Lockfile: 
  No lockfile

Trace: 
  Error: ENOENT: no such file or directory, copyfile '/Users/bowenqing/Library/Caches/Yarn/v1/npm-inherits-2.0.1-b17d08d326b4423e568eff719f91b0b1cbdf69f1/README.md' -> '/Users/bowenqing/Project/learn/hmr/node_modules/assert/node_modules/inherits/README.md'
